2022-01-15 23:16:20.981 -08:00 [INF] lohost client: v0.1
2022-01-15 23:16:21.025 -08:00 [INF] Attempting to register this client as https://8iy4d.lohost.io
2022-01-15 23:16:22.410 -08:00 [DBG] Connection ID: pMIiHQhagbpq6maEMgotiw
2022-01-15 23:16:22.509 -08:00 [INF] Connection made, handshake complete
2022-01-15 23:16:22.510 -08:00 [INF] Your website should now be available at: https://8iy4d.lohost.io
2022-01-15 23:16:22.510 -08:00 [INF] This website serves: *
2022-01-15 23:16:35.951 -08:00 [INF] Request received to get /index.html
2022-01-15 23:16:35.952 -08:00 [DBG] Getting file information for App\index.html
2022-01-15 23:16:37.010 -08:00 [INF] Request received to send /index.html
2022-01-15 23:16:37.011 -08:00 [DBG] Reading file from App\index.html
2022-01-15 23:16:37.016 -08:00 [DBG] File read from App\index.html: 5113
2022-01-15 23:16:37.016 -08:00 [DBG] Number of chunks: 1
2022-01-15 23:16:37.161 -08:00 [INF] Request received to get /styles/app.css
2022-01-15 23:16:37.162 -08:00 [DBG] Getting file information for App\styles\app.css
2022-01-15 23:16:37.255 -08:00 [INF] Request received to send /styles/app.css
2022-01-15 23:16:37.255 -08:00 [DBG] Reading file from App\styles\app.css
2022-01-15 23:16:37.260 -08:00 [DBG] File read from App\styles\app.css: 1559
2022-01-15 23:16:37.260 -08:00 [DBG] Number of chunks: 1
2022-01-15 23:16:37.312 -08:00 [INF] Request received to get /img/GitHub.png
2022-01-15 23:16:37.313 -08:00 [DBG] Getting file information for App\img\GitHub.png
2022-01-15 23:16:37.411 -08:00 [INF] Request received to send /img/GitHub.png
2022-01-15 23:16:37.411 -08:00 [DBG] Reading file from App\img\GitHub.png
2022-01-15 23:16:37.414 -08:00 [DBG] File read from App\img\GitHub.png: 2330
2022-01-15 23:16:37.414 -08:00 [DBG] Number of chunks: 1
2022-01-15 23:16:37.532 -08:00 [INF] Request received to get /favicon.ico
2022-01-15 23:16:37.533 -08:00 [ERR] Unable to find file App\favicon.ico
2022-01-15 23:30:59.223 -08:00 [INF] Stopping connection
2022-01-15 23:30:59.229 -08:00 [ERR] SignalR connection aborted
